nmap --script smb-enum-shares -p 139,445 10.10.10.161
Starting Nmap 7.91 ( https://nmap.org ) at 2021-08-24 20:18 +07
Stats: 0:02:09 elapsed; 0 hosts completed (1 up), 1 undergoing Script Scan
NSE Timing: About 0.00% done
Stats: 0:02:10 elapsed; 0 hosts completed (1 up), 1 undergoing Script Scan
NSE Timing: About 0.00% done
Nmap scan report for 10.10.10.161
Host is up (0.35s latency).

PORT    STATE SERVICE
139/tcp open  netbios-ssn
445/tcp open  microsoft-ds

Host script results:
| smb-enum-shares: 
|   note: ERROR: Enumerating shares failed, guessing at common ones (NT_STATUS_ACCESS_DENIED)
|   account_used: <blank>
|   \\10.10.10.161\ADMIN$: 
|     warning: Couldn't get details for share: NT_STATUS_ACCESS_DENIED
|     Anonymous access: <none>
|   \\10.10.10.161\C$: 
|     warning: Couldn't get details for share: NT_STATUS_ACCESS_DENIED
|     Anonymous access: <none>
|   \\10.10.10.161\IPC$: 
|     warning: Couldn't get details for share: NT_STATUS_ACCESS_DENIED
|     Anonymous access: READ
|   \\10.10.10.161\NETLOGON: 
|     warning: Couldn't get details for share: NT_STATUS_ACCESS_DENIED
|_    Anonymous access: <none>

Nmap done: 1 IP address (1 host up) scanned in 492.03 seconds
