echo enumdomgroups | rpcclient -U  -N 10.10.10.161
group:[Enterprise Read-only Domain Controllers] rid:[0x1f2]
group:[Domain Admins] rid:[0x200]
group:[Domain Users] rid:[0x201]
group:[Domain Guests] rid:[0x202]
group:[Domain Computers] rid:[0x203]
group:[Domain Controllers] rid:[0x204]
group:[Schema Admins] rid:[0x206]
group:[Enterprise Admins] rid:[0x207]
group:[Group Policy Creator Owners] rid:[0x208]
group:[Read-only Domain Controllers] rid:[0x209]
group:[Cloneable Domain Controllers] rid:[0x20a]
group:[Protected Users] rid:[0x20d]
group:[Key Admins] rid:[0x20e]
group:[Enterprise Key Admins] rid:[0x20f]
group:[DnsUpdateProxy] rid:[0x44e]
group:[Organization Management] rid:[0x450]
group:[Recipient Management] rid:[0x451]
group:[View-Only Organization Management] rid:[0x452]
group:[Public Folder Management] rid:[0x453]
group:[UM Management] rid:[0x454]
group:[Help Desk] rid:[0x455]
group:[Records Management] rid:[0x456]
group:[Discovery Management] rid:[0x457]
group:[Server Management] rid:[0x458]
group:[Delegated Setup] rid:[0x459]
group:[Hygiene Management] rid:[0x45a]
group:[Compliance Management] rid:[0x45b]
group:[Security Reader] rid:[0x45c]
group:[Security Administrator] rid:[0x45d]
group:[Exchange Servers] rid:[0x45e]
group:[Exchange Trusted Subsystem] rid:[0x45f]
group:[Managed Availability Servers] rid:[0x460]
group:[Exchange Windows Permissions] rid:[0x461]
group:[ExchangeLegacyInterop] rid:[0x462]
group:[$D31000-NSEL5BRJ63V7] rid:[0x46d]
group:[Service Accounts] rid:[0x47c]
group:[Privileged IT Accounts] rid:[0x47d]
group:[test] rid:[0x13ed]

